$ vite dev

  VITE v6.3.5  ready in 271 ms

  ➜  Local:   http://localhost:1420/
8:45:15 PM [vite] (client) page reload .svelte-kit/generated/client/app.js
8:45:43 PM [vite] (client) hmr update /src/lib/design/components/CodeMirrorEditor.svelte
8:49:53 PM [vite] (client) hmr update /src/routes/editor-test/+page.svelte?svelte&type=style&lang.css
8:50:04 PM [vite] (client) hmr update /src/lib/design/components/BaseNode.svelte?svelte&type=style&lang.css
8:50:13 PM [vite] (client) hmr update /src/lib/design/components/CodeMirrorEditor.svelte?svelte&type=style&lang.css
9:03:39 PM [vite] (client) hmr update /src/lib/design/components/CodeMirrorEditor.svelte
9:03:57 PM [vite] (client) hmr update /src/lib/components/MarkdownRenderer.svelte
9:04:37 PM [vite] (client) hmr update /src/lib/design/components/BaseNode.svelte?svelte&type=style&lang.css
9:04:41 PM [vite] (client) hmr update /src/lib/design/components/BaseNode.svelte?svelte&type=style&lang.css
9:04:47 PM [vite] (client) hmr update /src/lib/design/components/BaseNode.svelte?svelte&type=style&lang.css
9:04:52 PM [vite] (client) hmr update /src/lib/design/components/BaseNode.svelte?svelte&type=style&lang.css
9:04:58 PM [vite] (client) hmr update /src/lib/design/components/BaseNode.svelte?svelte&type=style&lang.css
9:05:04 PM [vite] (client) hmr update /src/routes/editor-test/+page.svelte?svelte&type=style&lang.css
9:14:20 PM [vite] (client) hmr update /src/lib/design/components/CodeMirrorEditor.svelte
9:16:30 PM [vite] (client) hmr update /src/lib/design/components/CodeMirrorEditor.svelte
9:17:39 PM [vite] (client) hmr update /src/lib/design/components/CodeMirrorEditor.svelte
9:22:41 PM [vite] (client) hmr update /src/lib/design/components/BaseNode.svelte?svelte&type=style&lang.css
9:22:46 PM [vite] (client) hmr update /src/lib/design/components/BaseNode.svelte?svelte&type=style&lang.css
9:22:53 PM [vite] (client) hmr update /src/lib/design/components/CodeMirrorEditor.svelte
9:22:59 PM [vite] (client) hmr update /src/lib/design/components/CodeMirrorEditor.svelte
9:23:17 PM [vite] (client) hmr update /src/lib/components/MarkdownRenderer.svelte
9:23:24 PM [vite] (client) hmr update /src/lib/components/MarkdownRenderer.svelte
9:23:32 PM [vite] (client) hmr update /src/lib/components/MarkdownRenderer.svelte?svelte&type=style&lang.css
9:23:40 PM [vite] (client) hmr update /src/lib/design/components/CodeMirrorEditor.svelte
9:24:17 PM [vite] (client) hmr update /src/routes/editor-test/+page.svelte?svelte&type=style&lang.css
9:24:25 PM [vite] (client) hmr update /src/lib/components/MarkdownRenderer.svelte
9:25:15 PM [vite] (client) hmr update /src/lib/components/MarkdownRenderer.svelte
9:32:34 PM [vite] (client) hmr update /src/lib/design/components/CodeMirrorEditor.svelte
9:32:44 PM [vite] (client) hmr update /src/lib/design/components/CodeMirrorEditor.svelte
9:32:52 PM [vite] (client) hmr update /src/lib/design/components/CodeMirrorEditor.svelte
9:33:09 PM [vite] (client) hmr update /src/lib/design/components/CodeMirrorEditor.svelte
9:33:28 PM [vite] (client) hmr update /src/lib/design/components/CodeMirrorEditor.svelte
9:34:55 PM [vite] (client) hmr update /src/lib/design/components/CodeMirrorEditor.svelte
9:35:06 PM [vite] (client) hmr update /src/lib/design/components/CodeMirrorEditor.svelte
9:35:14 PM [vite] (client) hmr update /src/lib/design/components/CodeMirrorEditor.svelte
9:41:17 PM [vite] (client) hmr update /src/lib/design/components/CodeMirrorEditor.svelte
9:41:41 PM [vite] (client) hmr update /src/lib/design/components/BaseNode.svelte
9:42:05 PM [vite] (client) hmr update /src/lib/design/components/CodeMirrorEditor.svelte
9:42:13 PM [vite] (client) hmr update /src/lib/design/components/CodeMirrorEditor.svelte
9:46:53 PM [vite] (client) hmr update /src/lib/design/components/CodeMirrorEditor.svelte
9:47:09 PM [vite] (client) hmr update /src/lib/design/components/BaseNode.svelte
9:47:44 PM [vite] (client) hmr update /src/lib/design/components/CodeMirrorEditor.svelte
9:47:55 PM [vite] (client) hmr update /src/lib/design/components/BaseNode.svelte
9:48:54 PM [vite] (client) hmr update /src/lib/design/components/CodeMirrorEditor.svelte
9:49:44 PM [vite] (client) hmr update /src/lib/design/components/BaseNode.svelte
9:50:18 PM [vite] (client) hmr update /src/lib/design/components/BaseNode.svelte
9:50:35 PM [vite] (client) hmr update /src/lib/design/components/CodeMirrorEditor.svelte
11:16:30 PM [vite] (client) hmr update /src/lib/components/MarkdownRenderer.svelte, /src/lib/components/MarkdownRenderer.svelte?svelte&type=style&lang.css
11:16:30 PM [vite] (client) hmr update /src/lib/design/components/BaseNode.svelte, /src/lib/design/components/BaseNode.svelte?svelte&type=style&lang.css
11:16:30 PM [vite] (client) hmr update /src/lib/design/components/CodeMirrorEditor.svelte, /src/lib/design/components/CodeMirrorEditor.svelte?svelte&type=style&lang.css
11:16:41 PM [vite] (client) page reload coverage/index.html
11:16:41 PM [vite] (client) page reload coverage/nodespace-app/eslint.config.js.html
11:16:41 PM [vite] (client) page reload coverage/nodespace-app/index.html
11:16:41 PM [vite] (client) page reload coverage/nodespace-app/src/lib/components/HierarchyDemo.svelte.html
11:16:41 PM [vite] (client) page reload coverage/nodespace-app/src/lib/components/NodeTree.svelte.html
11:16:41 PM [vite] (client) page reload coverage/nodespace-app/src/lib/components/TextNode.svelte.html
11:16:41 PM [vite] (client) page reload coverage/nodespace-app/src/lib/components/TextNodeDemo.svelte.html
11:16:41 PM [vite] (client) page reload coverage/nodespace-app/src/lib/components/index.html
11:16:41 PM [vite] (client) page reload coverage/nodespace-app/src/lib/components/index.ts.html
11:16:41 PM [vite] (client) page reload coverage/nodespace-app/src/lib/components/ui/button/button.svelte.html
11:16:41 PM [vite] (client) page reload coverage/nodespace-app/src/lib/components/ui/button/index.html
11:16:41 PM [vite] (client) page reload coverage/nodespace-app/src/lib/components/ui/button/index.ts.html
11:16:41 PM [vite] (client) page reload coverage/nodespace-app/src/lib/components/ui/card/card-action.svelte.html
11:16:41 PM [vite] (client) page reload coverage/nodespace-app/src/lib/components/ui/card/card-content.svelte.html
11:16:41 PM [vite] (client) page reload coverage/nodespace-app/src/lib/components/ui/card/card-description.svelte.html
11:16:41 PM [vite] (client) page reload coverage/nodespace-app/src/lib/components/ui/card/card-footer.svelte.html
11:16:41 PM [vite] (client) page reload coverage/nodespace-app/src/lib/components/ui/card/card-header.svelte.html
11:16:41 PM [vite] (client) page reload coverage/nodespace-app/src/lib/components/ui/card/card-title.svelte.html
11:16:41 PM [vite] (client) page reload coverage/nodespace-app/src/lib/components/ui/card/card.svelte.html
11:16:41 PM [vite] (client) page reload coverage/nodespace-app/src/lib/components/ui/card/index.html
11:16:41 PM [vite] (client) page reload coverage/nodespace-app/src/lib/components/ui/card/index.ts.html
11:16:41 PM [vite] (client) page reload coverage/nodespace-app/src/lib/components/ui/input/index.html
11:16:41 PM [vite] (client) page reload coverage/nodespace-app/src/lib/components/ui/input/index.ts.html
11:16:41 PM [vite] (client) page reload coverage/nodespace-app/src/lib/components/ui/input/input.svelte.html
11:16:41 PM [vite] (client) page reload coverage/nodespace-app/src/lib/components/ui/textarea/index.html
11:16:41 PM [vite] (client) page reload coverage/nodespace-app/src/lib/components/ui/textarea/index.ts.html
11:16:41 PM [vite] (client) page reload coverage/nodespace-app/src/lib/components/ui/textarea/textarea.svelte.html
11:16:41 PM [vite] (client) page reload coverage/nodespace-app/src/lib/design/components/BaseNode.svelte.html
11:16:41 PM [vite] (client) page reload coverage/nodespace-app/src/lib/design/components/BaseNodeTest.svelte.html
11:16:41 PM [vite] (client) page reload coverage/nodespace-app/src/lib/design/components/CursorPositioning.ts.html
11:16:41 PM [vite] (client) page reload coverage/nodespace-app/src/lib/design/components/MockPositioningTest.svelte.html
11:16:41 PM [vite] (client) page reload coverage/nodespace-app/src/lib/design/components/MockTextElement.svelte.html
11:16:41 PM [vite] (client) page reload coverage/nodespace-app/src/lib/design/components/ThemeProvider.svelte.html
11:16:41 PM [vite] (client) page reload coverage/nodespace-app/src/lib/design/components/index.html
11:16:41 PM [vite] (client) page reload coverage/nodespace-app/src/lib/design/components/positioning-validation.js.html
11:16:41 PM [vite] (client) page reload coverage/nodespace-app/src/lib/design/css-generator.ts.html
11:16:41 PM [vite] (client) page reload coverage/nodespace-app/src/lib/design/icons/Icon.svelte.html
11:16:41 PM [vite] (client) page reload coverage/nodespace-app/src/lib/design/icons/index.html
11:16:41 PM [vite] (client) page reload coverage/nodespace-app/src/lib/design/icons/index.ts.html
11:16:41 PM [vite] (client) page reload coverage/nodespace-app/src/lib/design/icons/ui/index.html
11:16:41 PM [vite] (client) page reload coverage/nodespace-app/src/lib/design/icons/ui/text.ts.html
11:16:41 PM [vite] (client) page reload coverage/nodespace-app/src/lib/design/index.html
11:16:41 PM [vite] (client) page reload coverage/nodespace-app/src/lib/design/theme.ts.html
11:16:41 PM [vite] (client) page reload coverage/nodespace-app/src/lib/design/tokens.ts.html
11:16:41 PM [vite] (client) page reload coverage/nodespace-app/src/lib/index.html
11:16:41 PM [vite] (client) page reload coverage/nodespace-app/src/lib/services/index.html
11:16:41 PM [vite] (client) page reload coverage/nodespace-app/src/lib/services/markdownUtils.ts.html
11:16:41 PM [vite] (client) page reload coverage/nodespace-app/src/lib/services/mockTextService.ts.html
11:16:41 PM [vite] (client) page reload coverage/nodespace-app/src/lib/types/index.html
11:16:41 PM [vite] (client) page reload coverage/nodespace-app/src/lib/types/tree.ts.html
11:16:41 PM [vite] (client) page reload coverage/nodespace-app/src/lib/utils.ts.html
11:16:41 PM [vite] (client) page reload coverage/nodespace-app/src/routes/+layout.svelte.html
11:16:41 PM [vite] (client) page reload coverage/nodespace-app/src/routes/+layout.ts.html
11:16:41 PM [vite] (client) page reload coverage/nodespace-app/src/routes/+page.svelte.html
11:16:41 PM [vite] (client) page reload coverage/nodespace-app/src/routes/index.html
11:16:41 PM [vite] (client) page reload coverage/nodespace-app/svelte.config.js.html
11:16:41 PM [vite] (client) page reload coverage/nodespace-app/tailwind.config.js.html
11:16:41 PM [vite] (client) page reload coverage/nodespace-app/vite.config.js.html
11:16:41 PM [vite] (client) hmr update /src/lib/design/components/CodeMirrorEditor.svelte, /src/lib/design/components/CodeMirrorEditor.svelte?svelte&type=style&lang.css
11:16:41 PM [vite] (client) hmr update /src/lib/components/HierarchyDemo.svelte
11:16:41 PM [vite] (client) hmr update /src/lib/components/MarkdownRenderer.svelte
11:16:41 PM [vite] (client) hmr update /src/lib/components/TextNode.svelte
11:16:41 PM [vite] (client) hmr update /src/lib/design/components/BaseNode.svelte, /src/lib/design/components/BaseNode.svelte?svelte&type=style&lang.css
11:16:41 PM [vite] vite.config.js changed, restarting server...
11:16:41 PM [vite] (client) hmr update /src/routes/+page.svelte, /src/lib/design/components/ThemeProvider.svelte
11:16:41 PM [vite] (client) hmr update /src/routes/+page.svelte, /src/lib/design/components/ThemeProvider.svelte
11:16:41 PM [vite] (client) hmr update /src/routes/+page.svelte
11:16:41 PM [vite] server restarted.
Not found: /src/lib/design/components/CodeMirrorEditor.svelte
Not found: /src/lib/design/components/CodeMirrorEditor.svelte
Not found: /src/lib/design/components/CodeMirrorEditor.svelte
Not found: /src/lib/design/components/CodeMirrorEditor.svelte
11:52:08 PM [vite] (client) page reload coverage/index.html
11:52:08 PM [vite] (client) page reload coverage/nodespace-app/eslint.config.js.html
11:52:08 PM [vite] (client) page reload coverage/nodespace-app/index.html
11:52:08 PM [vite] (client) page reload coverage/nodespace-app/src/lib/components/HierarchyDemo.svelte.html
11:52:08 PM [vite] (client) page reload coverage/nodespace-app/src/lib/components/NodeTree.svelte.html
11:52:08 PM [vite] (client) page reload coverage/nodespace-app/src/lib/components/TextNode.svelte.html
11:52:08 PM [vite] (client) page reload coverage/nodespace-app/src/lib/components/TextNodeDemo.svelte.html
11:52:08 PM [vite] (client) page reload coverage/nodespace-app/src/lib/components/index.html
11:52:08 PM [vite] (client) page reload coverage/nodespace-app/src/lib/components/index.ts.html
11:52:08 PM [vite] (client) page reload coverage/nodespace-app/src/lib/components/ui/button/button.svelte.html
11:52:08 PM [vite] (client) page reload coverage/nodespace-app/src/lib/components/ui/button/index.html
11:52:08 PM [vite] (client) page reload coverage/nodespace-app/src/lib/components/ui/button/index.ts.html
11:52:08 PM [vite] (client) page reload coverage/nodespace-app/src/lib/components/ui/card/card-action.svelte.html
11:52:08 PM [vite] (client) page reload coverage/nodespace-app/src/lib/components/ui/card/card-content.svelte.html
11:52:08 PM [vite] (client) page reload coverage/nodespace-app/src/lib/components/ui/card/card-description.svelte.html
11:52:08 PM [vite] (client) page reload coverage/nodespace-app/src/lib/components/ui/card/card-footer.svelte.html
11:52:08 PM [vite] (client) page reload coverage/nodespace-app/src/lib/components/ui/card/card-header.svelte.html
11:52:08 PM [vite] (client) page reload coverage/nodespace-app/src/lib/components/ui/card/card-title.svelte.html
11:52:08 PM [vite] (client) page reload coverage/nodespace-app/src/lib/components/ui/card/card.svelte.html
11:52:08 PM [vite] (client) page reload coverage/nodespace-app/src/lib/components/ui/card/index.html
11:52:08 PM [vite] (client) page reload coverage/nodespace-app/src/lib/components/ui/card/index.ts.html
11:52:08 PM [vite] (client) page reload coverage/nodespace-app/src/lib/components/ui/input/index.html
11:52:08 PM [vite] (client) page reload coverage/nodespace-app/src/lib/components/ui/input/index.ts.html
11:52:08 PM [vite] (client) page reload coverage/nodespace-app/src/lib/components/ui/input/input.svelte.html
11:52:08 PM [vite] (client) page reload coverage/nodespace-app/src/lib/components/ui/textarea/index.html
11:52:08 PM [vite] (client) page reload coverage/nodespace-app/src/lib/components/ui/textarea/index.ts.html
11:52:08 PM [vite] (client) page reload coverage/nodespace-app/src/lib/components/ui/textarea/textarea.svelte.html
11:52:08 PM [vite] (client) page reload coverage/nodespace-app/src/lib/design/components/BaseNode.svelte.html
11:52:08 PM [vite] (client) page reload coverage/nodespace-app/src/lib/design/components/BaseNodeTest.svelte.html
11:52:08 PM [vite] (client) page reload coverage/nodespace-app/src/lib/design/components/CursorPositioning.ts.html
11:52:08 PM [vite] (client) page reload coverage/nodespace-app/src/lib/design/components/MockPositioningTest.svelte.html
11:52:08 PM [vite] (client) page reload coverage/nodespace-app/src/lib/design/components/MockTextElement.svelte.html
11:52:08 PM [vite] (client) page reload coverage/nodespace-app/src/lib/design/components/ThemeProvider.svelte.html
11:52:08 PM [vite] (client) page reload coverage/nodespace-app/src/lib/design/components/index.html
11:52:08 PM [vite] (client) page reload coverage/nodespace-app/src/lib/design/components/positioning-validation.js.html
11:52:08 PM [vite] (client) page reload coverage/nodespace-app/src/lib/design/css-generator.ts.html
11:52:08 PM [vite] (client) page reload coverage/nodespace-app/src/lib/design/icons/Icon.svelte.html
11:52:08 PM [vite] (client) page reload coverage/nodespace-app/src/lib/design/icons/index.html
11:52:08 PM [vite] (client) page reload coverage/nodespace-app/src/lib/design/icons/index.ts.html
11:52:08 PM [vite] (client) page reload coverage/nodespace-app/src/lib/design/icons/ui/index.html
11:52:08 PM [vite] (client) page reload coverage/nodespace-app/src/lib/design/icons/ui/text.ts.html
11:52:08 PM [vite] (client) page reload coverage/nodespace-app/src/lib/design/index.html
11:52:08 PM [vite] (client) page reload coverage/nodespace-app/src/lib/design/theme.ts.html
11:52:08 PM [vite] (client) page reload coverage/nodespace-app/src/lib/design/tokens.ts.html
11:52:08 PM [vite] (client) page reload coverage/nodespace-app/src/lib/index.html
11:52:08 PM [vite] (client) page reload coverage/nodespace-app/src/lib/services/index.html
11:52:08 PM [vite] (client) page reload coverage/nodespace-app/src/lib/services/markdownUtils.ts.html
11:52:08 PM [vite] (client) page reload coverage/nodespace-app/src/lib/services/mockTextService.ts.html
11:52:08 PM [vite] (client) page reload coverage/nodespace-app/src/lib/types/index.html
11:52:08 PM [vite] (client) page reload coverage/nodespace-app/src/lib/types/tree.ts.html
11:52:08 PM [vite] (client) page reload coverage/nodespace-app/src/lib/utils.ts.html
11:52:08 PM [vite] (client) page reload coverage/nodespace-app/src/routes/+layout.svelte.html
11:52:08 PM [vite] (client) page reload coverage/nodespace-app/src/routes/+layout.ts.html
11:52:08 PM [vite] (client) page reload coverage/nodespace-app/src/routes/+page.svelte.html
11:52:08 PM [vite] (client) page reload coverage/nodespace-app/src/routes/index.html
11:52:08 PM [vite] (client) page reload coverage/nodespace-app/svelte.config.js.html
11:52:08 PM [vite] (client) page reload coverage/nodespace-app/tailwind.config.js.html
11:52:08 PM [vite] (client) page reload coverage/nodespace-app/vite.config.js.html
11:52:08 PM [vite] (client) hmr update /src/lib/design/components/BaseNode.svelte
11:52:08 PM [vite] (client) hmr update /src/lib/design/components/MockTextElement.svelte, /src/lib/design/components/MockTextElement.svelte?svelte&type=style&lang.css
11:52:08 PM [vite] (client) hmr update /src/lib/components/MarkdownRenderer.svelte
11:52:08 PM [vite] (client) hmr update /src/lib/components/TextNode.svelte
11:52:08 PM [vite] (client) Pre-transform error: Failed to load url /src/lib/design/components/MockTextElement.svelte (resolved id: /Users/malibio/nodespace/nodespace-core/nodespace-app/src/lib/design/components/MockTextElement.svelte) in /Users/malibio/nodespace/nodespace-core/nodespace-app/src/lib/design/components/BaseNode.svelte. Does the file exist?
11:52:08 PM [vite] (client) Pre-transform error: Failed to load url /src/lib/design/components/CursorPositioning.ts (resolved id: /Users/malibio/nodespace/nodespace-core/nodespace-app/src/lib/design/components/CursorPositioning.ts) in /Users/malibio/nodespace/nodespace-core/nodespace-app/src/lib/design/components/BaseNode.svelte. Does the file exist?
Not found: /src/lib/design/components/MockTextElement.svelte
Not found: /src/lib/design/components/CursorPositioning.ts
11:52:08 PM [vite] vite.config.js changed, restarting server...
11:52:08 PM [vite] (client) hmr update /src/lib/design/components/BaseNode.svelte, /src/lib/design/components/BaseNode.svelte?svelte&type=style&lang.css
11:52:08 PM [vite] server restarted.
Not found: /src/lib/design/components/MockTextElement.svelte
Not found: /src/lib/design/components/MockTextElement.svelte
11:52:27 PM [vite] (client) page reload coverage/index.html
11:52:27 PM [vite] (client) page reload coverage/nodespace-app/eslint.config.js.html
11:52:27 PM [vite] (client) page reload coverage/nodespace-app/index.html
11:52:27 PM [vite] (client) page reload coverage/nodespace-app/src/lib/components/HierarchyDemo.svelte.html
11:52:27 PM [vite] (client) page reload coverage/nodespace-app/src/lib/components/NodeTree.svelte.html
11:52:27 PM [vite] (client) page reload coverage/nodespace-app/src/lib/components/TextNode.svelte.html
11:52:27 PM [vite] (client) page reload coverage/nodespace-app/src/lib/components/TextNodeDemo.svelte.html
11:52:27 PM [vite] (client) page reload coverage/nodespace-app/src/lib/components/index.html
11:52:27 PM [vite] (client) page reload coverage/nodespace-app/src/lib/components/index.ts.html
11:52:27 PM [vite] (client) page reload coverage/nodespace-app/src/lib/components/ui/button/button.svelte.html
11:52:27 PM [vite] (client) page reload coverage/nodespace-app/src/lib/components/ui/button/index.html
11:52:27 PM [vite] (client) page reload coverage/nodespace-app/src/lib/components/ui/button/index.ts.html
11:52:27 PM [vite] (client) page reload coverage/nodespace-app/src/lib/components/ui/card/card-action.svelte.html
11:52:27 PM [vite] (client) page reload coverage/nodespace-app/src/lib/components/ui/card/card-content.svelte.html
11:52:27 PM [vite] (client) page reload coverage/nodespace-app/src/lib/components/ui/card/card-description.svelte.html
11:52:27 PM [vite] (client) page reload coverage/nodespace-app/src/lib/components/ui/card/card-footer.svelte.html
11:52:27 PM [vite] (client) page reload coverage/nodespace-app/src/lib/components/ui/card/card-header.svelte.html
11:52:27 PM [vite] (client) page reload coverage/nodespace-app/src/lib/components/ui/card/card-title.svelte.html
11:52:27 PM [vite] (client) page reload coverage/nodespace-app/src/lib/components/ui/card/card.svelte.html
11:52:27 PM [vite] (client) page reload coverage/nodespace-app/src/lib/components/ui/card/index.html
11:52:27 PM [vite] (client) page reload coverage/nodespace-app/src/lib/components/ui/card/index.ts.html
11:52:27 PM [vite] (client) page reload coverage/nodespace-app/src/lib/components/ui/input/index.html
11:52:27 PM [vite] (client) page reload coverage/nodespace-app/src/lib/components/ui/input/index.ts.html
11:52:27 PM [vite] (client) page reload coverage/nodespace-app/src/lib/components/ui/input/input.svelte.html
11:52:27 PM [vite] (client) page reload coverage/nodespace-app/src/lib/components/ui/textarea/index.html
11:52:27 PM [vite] (client) page reload coverage/nodespace-app/src/lib/components/ui/textarea/index.ts.html
11:52:27 PM [vite] (client) page reload coverage/nodespace-app/src/lib/components/ui/textarea/textarea.svelte.html
11:52:27 PM [vite] (client) page reload coverage/nodespace-app/src/lib/design/components/BaseNode.svelte.html
11:52:27 PM [vite] (client) page reload coverage/nodespace-app/src/lib/design/components/BaseNodeTest.svelte.html
11:52:27 PM [vite] (client) page reload coverage/nodespace-app/src/lib/design/components/CursorPositioning.ts.html
11:52:27 PM [vite] (client) page reload coverage/nodespace-app/src/lib/design/components/MockPositioningTest.svelte.html
11:52:27 PM [vite] (client) page reload coverage/nodespace-app/src/lib/design/components/MockTextElement.svelte.html
11:52:27 PM [vite] (client) page reload coverage/nodespace-app/src/lib/design/components/ThemeProvider.svelte.html
11:52:27 PM [vite] (client) page reload coverage/nodespace-app/src/lib/design/components/index.html
11:52:27 PM [vite] (client) page reload coverage/nodespace-app/src/lib/design/components/positioning-validation.js.html
11:52:27 PM [vite] (client) page reload coverage/nodespace-app/src/lib/design/css-generator.ts.html
11:52:27 PM [vite] (client) page reload coverage/nodespace-app/src/lib/design/icons/Icon.svelte.html
11:52:27 PM [vite] (client) page reload coverage/nodespace-app/src/lib/design/icons/index.html
11:52:27 PM [vite] (client) page reload coverage/nodespace-app/src/lib/design/icons/index.ts.html
11:52:27 PM [vite] (client) page reload coverage/nodespace-app/src/lib/design/icons/ui/index.html
11:52:27 PM [vite] (client) page reload coverage/nodespace-app/src/lib/design/icons/ui/text.ts.html
11:52:27 PM [vite] (client) page reload coverage/nodespace-app/src/lib/design/index.html
11:52:27 PM [vite] (client) page reload coverage/nodespace-app/src/lib/design/theme.ts.html
11:52:27 PM [vite] (client) page reload coverage/nodespace-app/src/lib/design/tokens.ts.html
11:52:27 PM [vite] (client) page reload coverage/nodespace-app/src/lib/index.html
11:52:27 PM [vite] (client) page reload coverage/nodespace-app/src/lib/services/index.html
11:52:27 PM [vite] (client) page reload coverage/nodespace-app/src/lib/services/markdownUtils.ts.html
11:52:27 PM [vite] (client) page reload coverage/nodespace-app/src/lib/services/mockTextService.ts.html
11:52:27 PM [vite] (client) page reload coverage/nodespace-app/src/lib/types/index.html
11:52:27 PM [vite] (client) page reload coverage/nodespace-app/src/lib/types/tree.ts.html
11:52:27 PM [vite] (client) page reload coverage/nodespace-app/src/lib/utils.ts.html
11:52:27 PM [vite] (client) page reload coverage/nodespace-app/src/routes/+layout.svelte.html
11:52:27 PM [vite] (client) page reload coverage/nodespace-app/src/routes/+layout.ts.html
11:52:27 PM [vite] (client) page reload coverage/nodespace-app/src/routes/+page.svelte.html
11:52:27 PM [vite] (client) page reload coverage/nodespace-app/src/routes/index.html
11:52:27 PM [vite] (client) page reload coverage/nodespace-app/svelte.config.js.html
11:52:27 PM [vite] (client) page reload coverage/nodespace-app/tailwind.config.js.html
11:52:27 PM [vite] (client) page reload coverage/nodespace-app/vite.config.js.html
11:52:27 PM [vite] (client) hmr update /src/lib/design/components/CodeMirrorEditor.svelte, /src/lib/design/components/CodeMirrorEditor.svelte?svelte&type=style&lang.css
11:52:27 PM [vite] (client) hmr update /src/routes/editor-test/+page.svelte, /src/routes/editor-test/+page.svelte?svelte&type=style&lang.css
11:52:27 PM [vite] (client) hmr update /src/lib/components/MarkdownRenderer.svelte
11:52:27 PM [vite] (client) hmr update /src/lib/components/TextNode.svelte
Not found: /src/lib/design/components/CodeMirrorEditor.svelte
Not found: /src/lib/design/components/CodeMirrorEditor.svelte
Not found: /src/routes/editor-test/+page.svelte
Not found: /src/routes/editor-test/+page.svelte
11:52:27 PM [vite] vite.config.js changed, restarting server...
11:52:27 PM [vite] (client) hmr update /src/lib/design/components/BaseNode.svelte, /src/lib/design/components/BaseNode.svelte?svelte&type=style&lang.css
11:52:27 PM [vite] server restarted.
Not found: /editor-test
12:46:11 PM [vite] (client) hmr update /src/lib/design/components/BaseNode.svelte
12:46:36 PM [vite] (client) hmr update /src/lib/design/components/BaseNode.svelte
12:46:50 PM [vite] (client) hmr update /src/lib/design/components/BaseNode.svelte
12:47:01 PM [vite] (client) hmr update /src/lib/design/components/BaseNode.svelte
12:47:13 PM [vite-plugin-svelte] src/lib/design/components/BaseNode.svelte:308:10 Elements with the 'textbox' interactive role must have a tabindex value
https://svelte.dev/e/a11y_interactive_supports_focus
12:47:13 PM [vite] (client) hmr update /src/lib/design/components/BaseNode.svelte?svelte&type=style&lang.css
12:47:18 PM [vite] (client) hmr update /src/lib/design/components/BaseNode.svelte
12:47:22 PM [vite] (client) hmr update /src/lib/design/components/BaseNode.svelte
12:47:41 PM [vite] (client) page reload .svelte-kit/generated/client/nodes/0.js
12:47:41 PM [vite] (client) page reload .svelte-kit/generated/client/nodes/1.js
12:47:41 PM [vite] (client) page reload .svelte-kit/generated/client/app.js
12:47:41 PM [vite] (client) page reload .svelte-kit/generated/client/matchers.js
12:47:41 PM [vite] (ssr) page reload .svelte-kit/generated/server/internal.js
12:47:41 PM [vite] (client) page reload .svelte-kit/generated/root.js
12:47:41 PM [vite] (ssr) page reload .svelte-kit/generated/root.js
12:47:50 PM [vite] (client) page reload .svelte-kit/generated/client/nodes/0.js
12:47:50 PM [vite] (client) page reload .svelte-kit/generated/client/nodes/1.js
12:47:50 PM [vite] (client) page reload .svelte-kit/generated/client/app.js
12:47:50 PM [vite] (client) page reload .svelte-kit/generated/client/matchers.js
12:47:50 PM [vite] (ssr) page reload .svelte-kit/generated/server/internal.js
12:47:50 PM [vite] (client) page reload .svelte-kit/generated/root.js
12:47:50 PM [vite] (ssr) page reload .svelte-kit/generated/root.js
12:48:05 PM [vite] (client) hmr update /src/lib/design/components/BaseNode.svelte
12:49:26 PM [vite] (client) hmr update /src/lib/design/components/BaseNode.svelte
12:49:35 PM [vite] (client) hmr update /src/lib/design/components/BaseNode.svelte
12:49:50 PM [vite] (client) page reload .svelte-kit/generated/client/nodes/0.js
12:49:50 PM [vite] (client) page reload .svelte-kit/generated/client/nodes/1.js
12:49:50 PM [vite] (client) page reload .svelte-kit/generated/client/app.js
12:49:50 PM [vite] (client) page reload .svelte-kit/generated/client/matchers.js
12:49:50 PM [vite] (ssr) page reload .svelte-kit/generated/server/internal.js
12:49:50 PM [vite] (client) page reload .svelte-kit/generated/root.js
12:49:50 PM [vite] (ssr) page reload .svelte-kit/generated/root.js
12:49:51 PM [vite] (client) page reload .svelte-kit/output/prerendered/pages/index.html
12:49:51 PM [vite] (client) page reload build/index.html
12:49:51 PM [vite] (client) page reload build/performance.html
12:49:58 PM [vite] (client) page reload .svelte-kit/generated/client/nodes/0.js
12:49:58 PM [vite] (client) page reload .svelte-kit/generated/client/nodes/1.js
12:49:58 PM [vite] (client) page reload .svelte-kit/generated/client/app.js
12:49:58 PM [vite] (client) page reload .svelte-kit/generated/client/matchers.js
12:49:58 PM [vite] (ssr) page reload .svelte-kit/generated/server/internal.js
12:49:58 PM [vite] (client) page reload .svelte-kit/generated/root.js
12:49:58 PM [vite] (ssr) page reload .svelte-kit/generated/root.js
12:54:46 PM [vite] (client) page reload coverage/index.html
12:54:46 PM [vite] (client) page reload coverage/nodespace-app/eslint.config.js.html
12:54:46 PM [vite] (client) page reload coverage/nodespace-app/index.html
12:54:46 PM [vite] (client) page reload coverage/nodespace-app/src/lib/components/HierarchyDemo.svelte.html
12:54:46 PM [vite] (client) page reload coverage/nodespace-app/src/lib/components/index.html
12:54:46 PM [vite] (client) page reload coverage/nodespace-app/src/lib/components/index.ts.html
12:54:46 PM [vite] (client) page reload coverage/nodespace-app/src/lib/components/NodeTree.svelte.html
12:54:46 PM [vite] (client) page reload coverage/nodespace-app/src/lib/components/TextNode.svelte.html
12:54:46 PM [vite] (client) page reload coverage/nodespace-app/src/lib/components/TextNodeDemo.svelte.html
12:54:46 PM [vite] (client) page reload coverage/nodespace-app/src/lib/components/ui/button/button.svelte.html
12:54:46 PM [vite] (client) page reload coverage/nodespace-app/src/lib/components/ui/button/index.html
12:54:46 PM [vite] (client) page reload coverage/nodespace-app/src/lib/components/ui/button/index.ts.html
12:54:46 PM [vite] (client) page reload coverage/nodespace-app/src/lib/components/ui/card/card-action.svelte.html
12:54:46 PM [vite] (client) page reload coverage/nodespace-app/src/lib/components/ui/card/card-content.svelte.html
12:54:46 PM [vite] (client) page reload coverage/nodespace-app/src/lib/components/ui/card/card-description.svelte.html
12:54:46 PM [vite] (client) page reload coverage/nodespace-app/src/lib/components/ui/card/card-footer.svelte.html
12:54:46 PM [vite] (client) page reload coverage/nodespace-app/src/lib/components/ui/card/card-header.svelte.html
12:54:46 PM [vite] (client) page reload coverage/nodespace-app/src/lib/components/ui/card/card-title.svelte.html
12:54:46 PM [vite] (client) page reload coverage/nodespace-app/src/lib/components/ui/card/card.svelte.html
12:54:46 PM [vite] (client) page reload coverage/nodespace-app/src/lib/components/ui/card/index.html
12:54:46 PM [vite] (client) page reload coverage/nodespace-app/src/lib/components/ui/card/index.ts.html
12:54:46 PM [vite] (client) page reload coverage/nodespace-app/src/lib/components/ui/input/index.html
12:54:46 PM [vite] (client) page reload coverage/nodespace-app/src/lib/components/ui/input/index.ts.html
12:54:46 PM [vite] (client) page reload coverage/nodespace-app/src/lib/components/ui/input/input.svelte.html
12:54:46 PM [vite] (client) page reload coverage/nodespace-app/src/lib/components/ui/textarea/index.html
12:54:46 PM [vite] (client) page reload coverage/nodespace-app/src/lib/components/ui/textarea/index.ts.html
12:54:46 PM [vite] (client) page reload coverage/nodespace-app/src/lib/components/ui/textarea/textarea.svelte.html
12:54:46 PM [vite] (client) page reload coverage/nodespace-app/src/lib/design/components/BaseNode.svelte.html
12:54:46 PM [vite] (client) page reload coverage/nodespace-app/src/lib/design/components/BaseNodeTest.svelte.html
12:54:46 PM [vite] (client) page reload coverage/nodespace-app/src/lib/design/components/CursorPositioning.ts.html
12:54:46 PM [vite] (client) page reload coverage/nodespace-app/src/lib/design/components/index.html
12:54:46 PM [vite] (client) page reload coverage/nodespace-app/src/lib/design/components/MockPositioningTest.svelte.html
12:54:46 PM [vite] (client) page reload coverage/nodespace-app/src/lib/design/components/MockTextElement.svelte.html
12:54:46 PM [vite] (client) page reload coverage/nodespace-app/src/lib/design/components/positioning-validation.js.html
12:54:46 PM [vite] (client) page reload coverage/nodespace-app/src/lib/design/components/ThemeProvider.svelte.html
12:54:46 PM [vite] (client) page reload coverage/nodespace-app/src/lib/design/css-generator.ts.html
12:54:46 PM [vite] (client) page reload coverage/nodespace-app/src/lib/design/icons/Icon.svelte.html
12:54:46 PM [vite] (client) page reload coverage/nodespace-app/src/lib/design/icons/index.html
12:54:46 PM [vite] (client) page reload coverage/nodespace-app/src/lib/design/icons/index.ts.html
12:54:46 PM [vite] (client) page reload coverage/nodespace-app/src/lib/design/icons/ui/index.html
12:54:46 PM [vite] (client) page reload coverage/nodespace-app/src/lib/design/icons/ui/text.ts.html
12:54:46 PM [vite] (client) page reload coverage/nodespace-app/src/lib/design/index.html
12:54:46 PM [vite] (client) page reload coverage/nodespace-app/src/lib/design/theme.ts.html
12:54:46 PM [vite] (client) page reload coverage/nodespace-app/src/lib/design/tokens.ts.html
12:54:46 PM [vite] (client) page reload coverage/nodespace-app/src/lib/index.html
12:54:46 PM [vite] (client) page reload coverage/nodespace-app/src/lib/services/index.html
12:54:46 PM [vite] (client) page reload coverage/nodespace-app/src/lib/services/markdownUtils.ts.html
12:54:47 PM [vite] (client) page reload coverage/nodespace-app/src/lib/services/mockTextService.ts.html
12:54:47 PM [vite] (client) page reload coverage/nodespace-app/src/lib/types/index.html
12:54:47 PM [vite] (client) page reload coverage/nodespace-app/src/lib/types/tree.ts.html
12:54:47 PM [vite] (client) page reload coverage/nodespace-app/src/lib/utils.ts.html
12:54:47 PM [vite] (client) page reload coverage/nodespace-app/src/routes/+layout.svelte.html
12:54:47 PM [vite] (client) page reload coverage/nodespace-app/src/routes/+layout.ts.html
12:54:47 PM [vite] (client) page reload coverage/nodespace-app/src/routes/+page.svelte.html
12:54:47 PM [vite] (client) page reload coverage/nodespace-app/src/routes/index.html
12:54:47 PM [vite] (client) page reload coverage/nodespace-app/svelte.config.js.html
12:54:47 PM [vite] (client) page reload coverage/nodespace-app/tailwind.config.js.html
12:54:47 PM [vite] (client) page reload coverage/nodespace-app/vite.config.js.html
12:54:47 PM [vite] (client) hmr update /src/lib/components/MarkdownRenderer.svelte
12:54:47 PM [vite] (client) hmr update /src/lib/design/components/BaseNode.svelte
12:54:47 PM [vite] (client) hmr update /src/lib/design/components/MockTextElement.svelte
12:54:49 PM [vite] (client) page reload .svelte-kit/generated/client/nodes/0.js
12:54:49 PM [vite] (client) page reload .svelte-kit/generated/client/nodes/1.js
12:54:49 PM [vite] (client) page reload .svelte-kit/generated/client/app.js
12:54:49 PM [vite] (client) page reload .svelte-kit/generated/client/matchers.js
12:54:49 PM [vite] (ssr) page reload .svelte-kit/generated/server/internal.js
12:54:49 PM [vite] (client) page reload .svelte-kit/generated/root.js
12:54:49 PM [vite] (ssr) page reload .svelte-kit/generated/root.js
12:55:15 PM [vite] (client) page reload .svelte-kit/generated/client/nodes/0.js
12:55:15 PM [vite] (client) page reload .svelte-kit/generated/client/nodes/1.js
12:55:15 PM [vite] (client) page reload .svelte-kit/generated/client/app.js
12:55:15 PM [vite] (client) page reload .svelte-kit/generated/client/matchers.js
12:55:15 PM [vite] (ssr) page reload .svelte-kit/generated/server/internal.js
12:55:15 PM [vite] (client) page reload .svelte-kit/generated/root.js
12:55:15 PM [vite] (ssr) page reload .svelte-kit/generated/root.js
12:55:28 PM [vite] (client) page reload .svelte-kit/generated/client/nodes/0.js
12:55:28 PM [vite] (client) page reload .svelte-kit/generated/client/nodes/1.js
12:55:28 PM [vite] (client) page reload .svelte-kit/generated/client/app.js
12:55:28 PM [vite] (client) page reload .svelte-kit/generated/client/matchers.js
12:55:28 PM [vite] (ssr) page reload .svelte-kit/generated/server/internal.js
12:55:28 PM [vite] (client) page reload .svelte-kit/generated/root.js
12:55:28 PM [vite] (ssr) page reload .svelte-kit/generated/root.js
12:55:35 PM [vite] (client) page reload .svelte-kit/generated/client/nodes/0.js
12:55:35 PM [vite] (client) page reload .svelte-kit/generated/client/nodes/1.js
12:55:35 PM [vite] (client) page reload .svelte-kit/generated/client/app.js
12:55:35 PM [vite] (client) page reload .svelte-kit/generated/client/matchers.js
12:55:35 PM [vite] (ssr) page reload .svelte-kit/generated/server/internal.js
12:55:35 PM [vite] (client) page reload .svelte-kit/generated/root.js
12:55:35 PM [vite] (ssr) page reload .svelte-kit/generated/root.js
12:56:19 PM [vite] (client) page reload .svelte-kit/generated/client/nodes/0.js
12:56:19 PM [vite] (client) page reload .svelte-kit/generated/client/nodes/1.js
12:56:19 PM [vite] (client) page reload .svelte-kit/generated/client/app.js
12:56:19 PM [vite] (client) page reload .svelte-kit/generated/client/matchers.js
12:56:19 PM [vite] (ssr) page reload .svelte-kit/generated/server/internal.js
12:56:19 PM [vite] (client) page reload .svelte-kit/generated/root.js
12:56:19 PM [vite] (ssr) page reload .svelte-kit/generated/root.js
1:28:36 PM [vite] (client) hmr update /src/lib/design/components/BaseNode.svelte
1:28:42 PM [vite] (client) hmr update /src/lib/design/components/BaseNode.svelte
1:28:47 PM [vite] (client) hmr update /src/lib/design/components/BaseNode.svelte
1:28:59 PM [vite] (client) hmr update /src/lib/design/components/BaseNode.svelte
1:29:04 PM [vite] (client) hmr update /src/lib/design/components/BaseNode.svelte
1:29:09 PM [vite] (client) hmr update /src/lib/design/components/BaseNode.svelte
1:29:24 PM [vite] (client) hmr update /src/lib/design/components/BaseNode.svelte
1:29:31 PM [vite] (client) hmr update /src/lib/design/components/BaseNode.svelte
1:29:35 PM [vite] (client) hmr update /src/lib/design/components/BaseNode.svelte
1:29:44 PM [vite] (client) hmr update /src/lib/design/components/BaseNode.svelte
1:30:01 PM [vite] (client) hmr update /src/lib/design/components/BaseNode.svelte
1:30:13 PM [vite] (client) hmr update /src/lib/design/components/BaseNode.svelte
1:30:27 PM [vite] (client) hmr update /src/lib/design/components/BaseNode.svelte
1:30:32 PM [vite] (client) hmr update /src/lib/design/components/BaseNode.svelte
1:30:58 PM [vite] (client) hmr update /src/lib/design/components/BaseNode.svelte?svelte&type=style&lang.css
1:31:27 PM [vite] (client) page reload .svelte-kit/generated/client/nodes/0.js
1:31:27 PM [vite] (client) page reload .svelte-kit/generated/client/nodes/1.js
1:31:27 PM [vite] (client) page reload .svelte-kit/generated/client/app.js
1:31:27 PM [vite] (client) page reload .svelte-kit/generated/client/matchers.js
1:31:27 PM [vite] (ssr) page reload .svelte-kit/generated/server/internal.js
1:31:27 PM [vite] (client) page reload .svelte-kit/generated/root.js
1:31:27 PM [vite] (ssr) page reload .svelte-kit/generated/root.js
1:32:26 PM [vite] (client) page reload .svelte-kit/generated/client/nodes/0.js
1:32:26 PM [vite] (client) page reload .svelte-kit/generated/client/nodes/1.js
1:32:26 PM [vite] (client) page reload .svelte-kit/generated/client/app.js
1:32:26 PM [vite] (client) page reload .svelte-kit/generated/client/matchers.js
1:32:26 PM [vite] (ssr) page reload .svelte-kit/generated/server/internal.js
1:32:26 PM [vite] (client) page reload .svelte-kit/generated/root.js
1:32:26 PM [vite] (ssr) page reload .svelte-kit/generated/root.js
1:32:42 PM [vite] (client) page reload .svelte-kit/generated/client/nodes/0.js
1:32:42 PM [vite] (client) page reload .svelte-kit/generated/client/nodes/1.js
1:32:42 PM [vite] (client) page reload .svelte-kit/generated/client/app.js
1:32:42 PM [vite] (client) page reload .svelte-kit/generated/client/matchers.js
1:32:42 PM [vite] (ssr) page reload .svelte-kit/generated/server/internal.js
1:32:42 PM [vite] (client) page reload .svelte-kit/generated/root.js
1:32:42 PM [vite] (ssr) page reload .svelte-kit/generated/root.js
1:32:48 PM [vite] (client) page reload .svelte-kit/generated/client/nodes/0.js
1:32:48 PM [vite] (client) page reload .svelte-kit/generated/client/nodes/1.js
1:32:48 PM [vite] (client) page reload .svelte-kit/generated/client/app.js
1:32:48 PM [vite] (client) page reload .svelte-kit/generated/client/matchers.js
1:32:48 PM [vite] (ssr) page reload .svelte-kit/generated/server/internal.js
1:32:48 PM [vite] (client) page reload .svelte-kit/generated/root.js
1:32:48 PM [vite] (ssr) page reload .svelte-kit/generated/root.js
1:32:48 PM [vite] (client) page reload .svelte-kit/output/prerendered/pages/index.html
1:32:49 PM [vite] (client) page reload .svelte-kit/output/prerendered/pages/index.html
1:32:49 PM [vite] (client) page reload build/index.html
1:32:53 PM [vite] (client) page reload .svelte-kit/generated/client/nodes/0.js
1:32:53 PM [vite] (client) page reload .svelte-kit/generated/client/nodes/1.js
1:32:53 PM [vite] (client) page reload .svelte-kit/generated/client/app.js
1:32:53 PM [vite] (client) page reload .svelte-kit/generated/client/matchers.js
1:32:53 PM [vite] (ssr) page reload .svelte-kit/generated/server/internal.js
1:32:53 PM [vite] (client) page reload .svelte-kit/generated/root.js
1:32:53 PM [vite] (ssr) page reload .svelte-kit/generated/root.js
1:33:05 PM [vite] (client) page reload .svelte-kit/generated/client/nodes/0.js
1:33:05 PM [vite] (client) page reload .svelte-kit/generated/client/nodes/1.js
1:33:05 PM [vite] (client) page reload .svelte-kit/generated/client/app.js
1:33:05 PM [vite] (client) page reload .svelte-kit/generated/client/matchers.js
1:33:05 PM [vite] (ssr) page reload .svelte-kit/generated/server/internal.js
1:33:05 PM [vite] (client) page reload .svelte-kit/generated/root.js
1:33:05 PM [vite] (ssr) page reload .svelte-kit/generated/root.js
1:33:35 PM [vite] (client) page reload .svelte-kit/generated/client/nodes/0.js
1:33:35 PM [vite] (client) page reload .svelte-kit/generated/client/nodes/1.js
1:33:35 PM [vite] (client) page reload .svelte-kit/generated/client/app.js
1:33:35 PM [vite] (client) page reload .svelte-kit/generated/client/matchers.js
1:33:35 PM [vite] (ssr) page reload .svelte-kit/generated/server/internal.js
1:33:35 PM [vite] (client) page reload .svelte-kit/generated/root.js
1:33:35 PM [vite] (ssr) page reload .svelte-kit/generated/root.js
error: script "dev" was terminated by signal SIGKILL (Forced quit)
